<?xml version="1.0" encoding="UTF-8"?>
<!-- Generated by org.testng.reporters.JUnitReportReporter -->
<testsuite hostname="Pooja" failures="0" tests="2" name="manojsharmaacademy.tests.StandAloneTest3" time="72.722" errors="0" timestamp="2024-06-14T18:53:19 IST" skipped="0">
  <testcase classname="manojsharmaacademy.tests.StandAloneTest3" name="deleteOrders" time="31.925"/>
  <testcase classname="manojsharmaacademy.tests.StandAloneTest3" name="submitOrder" time="40.797"/>
</testsuite> <!-- manojsharmaacademy.tests.StandAloneTest3 -->
