<?xml version="1.0" encoding="UTF-8"?>
<!-- Generated by org.testng.reporters.JUnitReportReporter -->
<testsuite hostname="Pooja" failures="0" tests="2" name="manojsharmaacademy.tests.StandAloneTest" time="74.337" errors="0" timestamp="2024-06-18T22:18:33 IST" skipped="0">
  <testcase classname="manojsharmaacademy.tests.StandAloneTest" name="dummyTest" time="32.515"/>
  <testcase classname="manojsharmaacademy.tests.StandAloneTest" name="submitOrder" time="41.822"/>
</testsuite> <!-- manojsharmaacademy.tests.StandAloneTest -->
