<?xml version="1.0" encoding="UTF-8"?>
<!-- Generated by org.testng.reporters.JUnitReportReporter -->
<testsuite hostname="Pooja" failures="0" tests="2" name="manojsharmaacademy.tests.StandAloneTest2" time="73.950" errors="0" timestamp="2024-06-14T18:53:19 IST" skipped="0">
  <testcase classname="manojsharmaacademy.tests.StandAloneTest2" name="deleteOrders" time="33.309"/>
  <testcase classname="manojsharmaacademy.tests.StandAloneTest2" name="submitOrder" time="40.641"/>
</testsuite> <!-- manojsharmaacademy.tests.StandAloneTest2 -->
